<?xml version="1.0" encoding="UTF-8"?>
<testng-results ignored="0" total="1" passed="1" failed="0" skipped="0">
  <reporter-output>
  </reporter-output>
  <suite started-at="2021-01-11T15:51:55 CST" name="Default suite" finished-at="2021-01-11T15:52:03 CST" duration-ms="7353">
    <groups>
    </groups>
    <test started-at="2021-01-11T15:51:55 CST" name="Default test" finished-at="2021-01-11T15:52:03 CST" duration-ms="7353">
      <class name="yunuso.MavenProject01.TitleTestAssertion">
        <test-method signature="testCase()[pri:0, instance:yunuso.MavenProject01.TitleTestAssertion@247d8ae]" started-at="2021-01-11T15:51:55 CST" name="testCase" finished-at="2021-01-11T15:52:03 CST" duration-ms="7313" status="PASS">
          <reporter-output>
          </reporter-output>
        </test-method> <!-- testCase -->
      </class> <!-- yunuso.MavenProject01.TitleTestAssertion -->
    </test> <!-- Default test -->
  </suite> <!-- Default suite -->
</testng-results>
